<?xml version="1.0" encoding="UTF-8"?>
<!-- Generated by org.testng.reporters.JUnitReportReporter -->
<testsuite hostname="AMIT_PC" failures="0" tests="4" name="parallel.ParallelRun1" time="155.024" errors="0" timestamp="2024-12-22T12:55:50 IST" skipped="0">
  <testcase classname="parallel.ParallelRun1" name="runScenario" time="38.538"/>
  <testcase classname="parallel.ParallelRun1" name="runScenario" time="39.141"/>
  <testcase classname="parallel.ParallelRun1" name="runScenario" time="39.882"/>
  <testcase classname="parallel.ParallelRun1" name="runScenario" time="37.463"/>
</testsuite> <!-- parallel.ParallelRun1 -->
